<?xml version="1.0" encoding="utf-8"?><testsuites name="pytest tests"><testsuite name="pytest" errors="0" failures="0" skipped="0" tests="10" time="1.111" timestamp="2026-05-22T19:33:14.062498+00:00" hostname="agent-env-7bd77fd0-2b28-42c3-b9ce-f99719a005fa"><testcase classname="backend.tests.test_contact_api.TestHealth" name="test_root_returns_welcome" time="0.256" /><testcase classname="backend.tests.test_contact_api.TestContactCreate" name="test_create_general_inquiry_persists_and_email_not_sent" time="0.140" /><testcase classname="backend.tests.test_contact_api.TestContactCreate" name="test_create_catering_inquiry" time="0.050" /><testcase classname="backend.tests.test_contact_api.TestContactCreate" name="test_reject_invalid_inquiry_type" time="0.054" /><testcase classname="backend.tests.test_contact_api.TestContactCreate" name="test_reject_missing_name" time="0.052" /><testcase classname="backend.tests.test_contact_api.TestContactCreate" name="test_reject_empty_name" time="0.045" /><testcase classname="backend.tests.test_contact_api.TestContactCreate" name="test_reject_invalid_email" time="0.051" /><testcase classname="backend.tests.test_contact_api.TestContactCreate" name="test_reject_missing_message" time="0.049" /><testcase classname="backend.tests.test_contact_api.TestContactCreate" name="test_reject_empty_message" time="0.048" /><testcase classname="backend.tests.test_contact_api.TestContactList" name="test_list_returns_array_without_objectid" time="0.052" /></testsuite></testsuites>